{"/Users/ralph/Desktop/AI.ttorney/admin/automated-tests/js-framework/src/services/LawyerVerificationService.ts": {"path":"/Users/ralph/Desktop/AI.ttorney/admin/automated-tests/js-framework/src/services/LawyerVerificationService.ts","statementMap":{"0":{"start":{"line":1,"column":0},"end":{"line":1,"column":20}},"1":{"start":{"line":2,"column":0},"end":{"line":2,"column":24}},"2":{"start":{"line":33,"column":44},"end":{"line":33,"column":46}},"3":{"start":{"line":37,"column":4},"end":{"line":37,"column":96}},"4":{"start":{"line":38,"column":4},"end":{"line":38,"column":24}},"5":{"start":{"line":42,"column":4},"end":{"line":51,"column":5}},"6":{"start":{"line":43,"column":24},"end":{"line":43,"column":34}},"7":{"start":{"line":44,"column":22},"end":{"line":44,"column":64}},"8":{"start":{"line":45,"column":6},"end":{"line":45,"column":49}},"9":{"start":{"line":46,"column":23},"end":{"line":46,"column":45}},"10":{"start":{"line":47,"column":6},"end":{"line":47,"column":94}},"11":{"start":{"line":49,"column":6},"end":{"line":49,"column":63}},"12":{"start":{"line":50,"column":6},"end":{"line":50,"column":46}},"13":{"start":{"line":55,"column":22},"end":{"line":55,"column":32}},"14":{"start":{"line":57,"column":4},"end":{"line":81,"column":5}},"15":{"start":{"line":59,"column":28},"end":{"line":59,"column":70}},"16":{"start":{"line":62,"column":22},"end":{"line":62,"column":53}},"17":{"start":{"line":65,"column":21},"end":{"line":65,"column":64}},"18":{"start":{"line":67,"column":29},"end":{"line":67,"column":51}},"19":{"start":{"line":69,"column":6},"end":{"line":72,"column":8}},"20":{"start":{"line":74,"column":6},"end":{"line":80,"column":8}},"21":{"start":{"line":85,"column":22},"end":{"line":85,"column":32}},"22":{"start":{"line":86,"column":42},"end":{"line":86,"column":44}},"23":{"start":{"line":88,"column":4},"end":{"line":91,"column":5}},"24":{"start":{"line":89,"column":21},"end":{"line":89,"column":57}},"25":{"start":{"line":90,"column":6},"end":{"line":90,"column":27}},"26":{"start":{"line":93,"column":22},"end":{"line":93,"column":44}},"27":{"start":{"line":94,"column":4},"end":{"line":94,"column":102}},"28":{"start":{"line":96,"column":4},"end":{"line":96,"column":19}},"29":{"start":{"line":100,"column":4},"end":{"line":106,"column":6}},"30":{"start":{"line":110,"column":36},"end":{"line":110,"column":38}},"31":{"start":{"line":112,"column":4},"end":{"line":117,"column":5}},"32":{"start":{"line":113,"column":20},"end":{"line":113,"column":70}},"33":{"start":{"line":114,"column":6},"end":{"line":116,"column":7}},"34":{"start":{"line":115,"column":8},"end":{"line":115,"column":29}},"35":{"start":{"line":119,"column":4},"end":{"line":122,"column":6}},"36":{"start":{"line":120,"column":6},"end":{"line":121,"column":51}},"37":{"start":{"line":126,"column":16},"end":{"line":126,"column":17}},"38":{"start":{"line":127,"column":22},"end":{"line":127,"column":23}},"39":{"start":{"line":130,"column":27},"end":{"line":132,"column":null}},"40":{"start":{"line":134,"column":4},"end":{"line":134,"column":34}},"41":{"start":{"line":135,"column":4},"end":{"line":135,"column":23}},"42":{"start":{"line":138,"column":26},"end":{"line":140,"column":null}},"43":{"start":{"line":142,"column":4},"end":{"line":142,"column":33}},"44":{"start":{"line":143,"column":4},"end":{"line":143,"column":23}},"45":{"start":{"line":146,"column":4},"end":{"line":153,"column":5}},"46":{"start":{"line":147,"column":30},"end":{"line":149,"column":null}},"47":{"start":{"line":151,"column":6},"end":{"line":151,"column":37}},"48":{"start":{"line":152,"column":6},"end":{"line":152,"column":25}},"49":{"start":{"line":156,"column":4},"end":{"line":163,"column":5}},"50":{"start":{"line":157,"column":27},"end":{"line":159,"column":null}},"51":{"start":{"line":161,"column":6},"end":{"line":161,"column":34}},"52":{"start":{"line":162,"column":6},"end":{"line":162,"column":25}},"53":{"start":{"line":165,"column":4},"end":{"line":165,"column":53}},"54":{"start":{"line":169,"column":4},"end":{"line":169,"column":32}},"55":{"start":{"line":169,"column":23},"end":{"line":169,"column":32}},"56":{"start":{"line":170,"column":4},"end":{"line":170,"column":33}},"57":{"start":{"line":170,"column":24},"end":{"line":170,"column":33}},"58":{"start":{"line":173,"column":19},"end":{"line":173,"column":58}},"59":{"start":{"line":174,"column":20},"end":{"line":174,"column":59}},"60":{"start":{"line":176,"column":4},"end":{"line":176,"column":38}},"61":{"start":{"line":176,"column":29},"end":{"line":176,"column":38}},"62":{"start":{"line":178,"column":21},"end":{"line":178,"column":62}},"63":{"start":{"line":179,"column":4},"end":{"line":179,"column":54}},"64":{"start":{"line":183,"column":19},"end":{"line":183,"column":97}},"65":{"start":{"line":183,"column":63},"end":{"line":183,"column":96}},"66":{"start":{"line":185,"column":4},"end":{"line":185,"column":60}},"67":{"start":{"line":185,"column":17},"end":{"line":185,"column":18}},"68":{"start":{"line":185,"column":43},"end":{"line":185,"column":60}},"69":{"start":{"line":186,"column":4},"end":{"line":186,"column":60}},"70":{"start":{"line":186,"column":17},"end":{"line":186,"column":18}},"71":{"start":{"line":186,"column":43},"end":{"line":186,"column":60}},"72":{"start":{"line":188,"column":4},"end":{"line":197,"column":5}},"73":{"start":{"line":188,"column":17},"end":{"line":188,"column":18}},"74":{"start":{"line":189,"column":6},"end":{"line":196,"column":7}},"75":{"start":{"line":189,"column":19},"end":{"line":189,"column":20}},"76":{"start":{"line":190,"column":26},"end":{"line":190,"column":61}},"77":{"start":{"line":191,"column":8},"end":{"line":195,"column":10}},"78":{"start":{"line":199,"column":4},"end":{"line":199,"column":44}},"79":{"start":{"line":203,"column":4},"end":{"line":210,"column":5}},"80":{"start":{"line":204,"column":6},"end":{"line":209,"column":8}},"81":{"start":{"line":212,"column":4},"end":{"line":220,"column":5}},"82":{"start":{"line":213,"column":25},"end":{"line":213,"column":79}},"83":{"start":{"line":214,"column":6},"end":{"line":219,"column":8}},"84":{"start":{"line":223,"column":22},"end":{"line":223,"column":32}},"85":{"start":{"line":224,"column":23},"end":{"line":224,"column":76}},"86":{"start":{"line":226,"column":4},"end":{"line":231,"column":6}},"87":{"start":{"line":235,"column":18},"end":{"line":235,"column":48}},"88":{"start":{"line":236,"column":4},"end":{"line":239,"column":6}},"89":{"start":{"line":32,"column":0},"end":{"line":32,"column":13}}},"fnMap":{"0":{"name":"(anonymous_1)","decl":{"start":{"line":36,"column":2},"end":{"line":36,"column":14}},"loc":{"start":{"line":36,"column":35},"end":{"line":39,"column":3}}},"1":{"name":"(anonymous_2)","decl":{"start":{"line":41,"column":10},"end":{"line":41,"column":22}},"loc":{"start":{"line":41,"column":22},"end":{"line":52,"column":3}}},"2":{"name":"(anonymous_3)","decl":{"start":{"line":54,"column":9},"end":{"line":54,"column":14}},"loc":{"start":{"line":54,"column":58},"end":{"line":82,"column":3}}},"3":{"name":"(anonymous_4)","decl":{"start":{"line":84,"column":9},"end":{"line":84,"column":14}},"loc":{"start":{"line":84,"column":66},"end":{"line":97,"column":3}}},"4":{"name":"(anonymous_5)","decl":{"start":{"line":99,"column":10},"end":{"line":99,"column":34}},"loc":{"start":{"line":99,"column":65},"end":{"line":107,"column":3}}},"5":{"name":"(anonymous_6)","decl":{"start":{"line":109,"column":10},"end":{"line":109,"column":21}},"loc":{"start":{"line":109,"column":52},"end":{"line":123,"column":3}}},"6":{"name":"(anonymous_7)","decl":{"start":{"line":119,"column":24},"end":{"line":119,"column":25}},"loc":{"start":{"line":120,"column":6},"end":{"line":121,"column":51}}},"7":{"name":"(anonymous_8)","decl":{"start":{"line":125,"column":10},"end":{"line":125,"column":34}},"loc":{"start":{"line":125,"column":87},"end":{"line":166,"column":3}}},"8":{"name":"(anonymous_9)","decl":{"start":{"line":168,"column":10},"end":{"line":168,"column":26}},"loc":{"start":{"line":168,"column":53},"end":{"line":180,"column":3}}},"9":{"name":"(anonymous_10)","decl":{"start":{"line":182,"column":10},"end":{"line":182,"column":29}},"loc":{"start":{"line":182,"column":56},"end":{"line":200,"column":3}}},"10":{"name":"(anonymous_11)","decl":{"start":{"line":183,"column":57},"end":{"line":183,"column":60}},"loc":{"start":{"line":183,"column":63},"end":{"line":183,"column":96}}},"11":{"name":"(anonymous_12)","decl":{"start":{"line":202,"column":10},"end":{"line":202,"column":24}},"loc":{"start":{"line":202,"column":80},"end":{"line":232,"column":3}}},"12":{"name":"(anonymous_13)","decl":{"start":{"line":234,"column":9},"end":{"line":234,"column":25}},"loc":{"start":{"line":234,"column":25},"end":{"line":240,"column":3}}}},"branchMap":{"0":{"loc":{"start":{"line":37,"column":24},"end":{"line":37,"column":95}},"type":"binary-expr","locations":[{"start":{"line":37,"column":24},"end":{"line":37,"column":36}},{"start":{"line":37,"column":40},"end":{"line":37,"column":95}}]},"1":{"loc":{"start":{"line":102,"column":18},"end":{"line":102,"column":68}},"type":"binary-expr","locations":[{"start":{"line":102,"column":18},"end":{"line":102,"column":62}},{"start":{"line":102,"column":66},"end":{"line":102,"column":68}}]},"2":{"loc":{"start":{"line":103,"column":17},"end":{"line":103,"column":66}},"type":"binary-expr","locations":[{"start":{"line":103,"column":17},"end":{"line":103,"column":60}},{"start":{"line":103,"column":64},"end":{"line":103,"column":66}}]},"3":{"loc":{"start":{"line":104,"column":19},"end":{"line":104,"column":70}},"type":"binary-expr","locations":[{"start":{"line":104,"column":19},"end":{"line":104,"column":64}},{"start":{"line":104,"column":68},"end":{"line":104,"column":70}}]},"4":{"loc":{"start":{"line":105,"column":15},"end":{"line":105,"column":48}},"type":"binary-expr","locations":[{"start":{"line":105,"column":15},"end":{"line":105,"column":42}},{"start":{"line":105,"column":46},"end":{"line":105,"column":48}}]},"5":{"loc":{"start":{"line":114,"column":6},"end":{"line":116,"column":7}},"type":"if","locations":[{"start":{"line":114,"column":6},"end":{"line":116,"column":7}}]},"6":{"loc":{"start":{"line":146,"column":4},"end":{"line":153,"column":5}},"type":"if","locations":[{"start":{"line":146,"column":4},"end":{"line":153,"column":5}}]},"7":{"loc":{"start":{"line":146,"column":8},"end":{"line":146,"column":56}},"type":"binary-expr","locations":[{"start":{"line":146,"column":8},"end":{"line":146,"column":31}},{"start":{"line":146,"column":35},"end":{"line":146,"column":56}}]},"8":{"loc":{"start":{"line":156,"column":4},"end":{"line":163,"column":5}},"type":"if","locations":[{"start":{"line":156,"column":4},"end":{"line":163,"column":5}}]},"9":{"loc":{"start":{"line":156,"column":8},"end":{"line":156,"column":45}},"type":"binary-expr","locations":[{"start":{"line":156,"column":8},"end":{"line":156,"column":27}},{"start":{"line":156,"column":31},"end":{"line":156,"column":45}}]},"10":{"loc":{"start":{"line":165,"column":11},"end":{"line":165,"column":52}},"type":"cond-expr","locations":[{"start":{"line":165,"column":29},"end":{"line":165,"column":48}},{"start":{"line":165,"column":51},"end":{"line":165,"column":52}}]},"11":{"loc":{"start":{"line":169,"column":4},"end":{"line":169,"column":32}},"type":"if","locations":[{"start":{"line":169,"column":4},"end":{"line":169,"column":32}}]},"12":{"loc":{"start":{"line":170,"column":4},"end":{"line":170,"column":33}},"type":"if","locations":[{"start":{"line":170,"column":4},"end":{"line":170,"column":33}}]},"13":{"loc":{"start":{"line":170,"column":8},"end":{"line":170,"column":22}},"type":"binary-expr","locations":[{"start":{"line":170,"column":8},"end":{"line":170,"column":13}},{"start":{"line":170,"column":17},"end":{"line":170,"column":22}}]},"14":{"loc":{"start":{"line":173,"column":19},"end":{"line":173,"column":58}},"type":"cond-expr","locations":[{"start":{"line":173,"column":47},"end":{"line":173,"column":51}},{"start":{"line":173,"column":54},"end":{"line":173,"column":58}}]},"15":{"loc":{"start":{"line":174,"column":20},"end":{"line":174,"column":59}},"type":"cond-expr","locations":[{"start":{"line":174,"column":48},"end":{"line":174,"column":52}},{"start":{"line":174,"column":55},"end":{"line":174,"column":59}}]},"16":{"loc":{"start":{"line":176,"column":4},"end":{"line":176,"column":38}},"type":"if","locations":[{"start":{"line":176,"column":4},"end":{"line":176,"column":38}}]},"17":{"loc":{"start":{"line":190,"column":26},"end":{"line":190,"column":61}},"type":"cond-expr","locations":[{"start":{"line":190,"column":56},"end":{"line":190,"column":57}},{"start":{"line":190,"column":60},"end":{"line":190,"column":61}}]},"18":{"loc":{"start":{"line":203,"column":4},"end":{"line":210,"column":5}},"type":"if","locations":[{"start":{"line":203,"column":4},"end":{"line":210,"column":5}}]},"19":{"loc":{"start":{"line":212,"column":4},"end":{"line":220,"column":5}},"type":"if","locations":[{"start":{"line":212,"column":4},"end":{"line":220,"column":5}}]},"20":{"loc":{"start":{"line":218,"column":19},"end":{"line":218,"column":57}},"type":"cond-expr","locations":[{"start":{"line":218,"column":38},"end":{"line":218,"column":45}},{"start":{"line":218,"column":48},"end":{"line":218,"column":57}}]}},"s":{"0":1,"1":1,"2":17,"3":17,"4":17,"5":17,"6":17,"7":17,"8":16,"9":15,"10":15,"11":2,"12":2,"13":23,"14":23,"15":23,"16":23,"17":23,"18":23,"19":23,"20":0,"21":2,"22":2,"23":2,"24":13,"25":13,"26":2,"27":2,"28":2,"29":23,"30":23,"31":23,"32":92,"33":92,"34":9,"35":23,"36":0,"37":101,"38":101,"39":101,"40":101,"41":101,"42":101,"43":101,"44":101,"45":101,"46":89,"47":89,"48":89,"49":101,"50":19,"51":19,"52":19,"53":101,"54":310,"55":56,"56":254,"57":0,"58":254,"59":254,"60":254,"61":0,"62":254,"63":254,"64":254,"65":1290,"66":254,"67":254,"68":1835,"69":254,"70":254,"71":1290,"72":254,"73":254,"74":1036,"75":1036,"76":9443,"77":9443,"78":254,"79":23,"80":14,"81":9,"82":9,"83":9,"84":0,"85":0,"86":0,"87":1,"88":1,"89":1},"f":{"0":17,"1":17,"2":23,"3":2,"4":23,"5":23,"6":0,"7":101,"8":310,"9":254,"10":1290,"11":23,"12":1},"b":{"0":[17,0],"1":[23,0],"2":[23,0],"3":[23,3],"4":[23,19],"5":[9],"6":[89],"7":[101,89],"8":[19],"9":[101,19],"10":[101,0],"11":[56],"12":[0],"13":[254,254],"14":[84,170],"15":[84,170],"16":[0],"17":[626,8817],"18":[14],"19":[9],"20":[7,2]}}
}
