TN:
SF:src/services/LawyerVerificationService.ts
FN:36,(anonymous_1)
FN:41,(anonymous_2)
FN:54,(anonymous_3)
FN:84,(anonymous_4)
FN:99,(anonymous_5)
FN:109,(anonymous_6)
FN:119,(anonymous_7)
FN:125,(anonymous_8)
FN:168,(anonymous_9)
FN:182,(anonymous_10)
FN:183,(anonymous_11)
FN:202,(anonymous_12)
FN:234,(anonymous_13)
FNF:13
FNH:12
FNDA:17,(anonymous_1)
FNDA:17,(anonymous_2)
FNDA:23,(anonymous_3)
FNDA:2,(anonymous_4)
FNDA:23,(anonymous_5)
FNDA:23,(anonymous_6)
FNDA:0,(anonymous_7)
FNDA:101,(anonymous_8)
FNDA:310,(anonymous_9)
FNDA:254,(anonymous_10)
FNDA:1290,(anonymous_11)
FNDA:23,(anonymous_12)
FNDA:1,(anonymous_13)
DA:1,1
DA:2,1
DA:32,1
DA:33,17
DA:37,17
DA:38,17
DA:42,17
DA:43,17
DA:44,17
DA:45,16
DA:46,15
DA:47,15
DA:49,2
DA:50,2
DA:55,23
DA:57,23
DA:59,23
DA:62,23
DA:65,23
DA:67,23
DA:69,23
DA:74,0
DA:85,2
DA:86,2
DA:88,2
DA:89,13
DA:90,13
DA:93,2
DA:94,2
DA:96,2
DA:100,23
DA:110,23
DA:112,23
DA:113,92
DA:114,92
DA:115,9
DA:119,23
DA:120,0
DA:126,101
DA:127,101
DA:130,101
DA:134,101
DA:135,101
DA:138,101
DA:142,101
DA:143,101
DA:146,101
DA:147,89
DA:151,89
DA:152,89
DA:156,101
DA:157,19
DA:161,19
DA:162,19
DA:165,101
DA:169,310
DA:170,254
DA:173,254
DA:174,254
DA:176,254
DA:178,254
DA:179,254
DA:183,1290
DA:185,1835
DA:186,1290
DA:188,254
DA:189,1036
DA:190,9443
DA:191,9443
DA:199,254
DA:203,23
DA:204,14
DA:212,9
DA:213,9
DA:214,9
DA:223,0
DA:224,0
DA:226,0
DA:235,1
DA:236,1
LF:80
LH:75
BRDA:37,0,0,17
BRDA:37,0,1,0
BRDA:102,1,0,23
BRDA:102,1,1,0
BRDA:103,2,0,23
BRDA:103,2,1,0
BRDA:104,3,0,23
BRDA:104,3,1,3
BRDA:105,4,0,23
BRDA:105,4,1,19
BRDA:114,5,0,9
BRDA:146,6,0,89
BRDA:146,7,0,101
BRDA:146,7,1,89
BRDA:156,8,0,19
BRDA:156,9,0,101
BRDA:156,9,1,19
BRDA:165,10,0,101
BRDA:165,10,1,0
BRDA:169,11,0,56
BRDA:170,12,0,0
BRDA:170,13,0,254
BRDA:170,13,1,254
BRDA:173,14,0,84
BRDA:173,14,1,170
BRDA:174,15,0,84
BRDA:174,15,1,170
BRDA:176,16,0,0
BRDA:190,17,0,626
BRDA:190,17,1,8817
BRDA:203,18,0,14
BRDA:212,19,0,9
BRDA:218,20,0,7
BRDA:218,20,1,2
BRF:34
BRH:28
end_of_record
